
Showing logs for build [32mcb-kubecd-bdd-gh-1568901731-pr-1[0m stage [32mfrom-build-pack[0m and container [32mstep-credential-initializer-75x9n[0m
{"level":"warn","ts":1568902140.1027713,"logger":"fallback-logger","caller":"logging/config.go:69","msg":"Fetch GitHub commit ID from kodata failed: \"ref: refs/heads/master\" is not a valid GitHub commit ID"}
{"level":"info","ts":1568902140.1032376,"logger":"fallback-logger","caller":"creds-init/main.go:40","msg":"Credentials initialized."}

Showing logs for build [32mcb-kubecd-bdd-gh-1568901731-pr-1[0m stage [32mfrom-build-pack[0m and container [32mstep-working-dir-initializer-jnw9g[0m
{"level":"warn","ts":1568902141.9243016,"logger":"fallback-logger","caller":"logging/config.go:69","msg":"Fetch GitHub commit ID from kodata failed: open /var/run/ko/HEAD: no such file or directory"}
{"level":"info","ts":1568902141.9439864,"logger":"fallback-logger","caller":"bash/main.go:65","msg":"Successfully executed command \"mkdir -p /workspace/source /workspace/source/charts/preview\""}

Showing logs for build [32mcb-kubecd-bdd-gh-1568901731-pr-1[0m stage [32mfrom-build-pack[0m and container [32mstep-place-tools[0m

Showing logs for build [32mcb-kubecd-bdd-gh-1568901731-pr-1[0m stage [32mfrom-build-pack[0m and container [32mstep-git-source-cb-kubecd-bdd-gh-1568901731-pr-grcz8[0m
{"level":"warn","ts":1568902147.4747546,"logger":"fallback-logger","caller":"logging/config.go:69","msg":"Fetch GitHub commit ID from kodata failed: \"ref: refs/heads/master\" is not a valid GitHub commit ID"}
{"level":"info","ts":1568902148.5375907,"logger":"fallback-logger","caller":"git/git.go:102","msg":"Successfully cloned https://github.com/cb-kubecd/bdd-gh-1568901731.git @ 2a4a7ee63f347e77a527e6ab49e0a8186b32dc03 in path /workspace/source"}

Showing logs for build [32mcb-kubecd-bdd-gh-1568901731-pr-1[0m stage [32mfrom-build-pack[0m and container [32mstep-git-merge[0m
Using SHAs from PULL_REFS=master:96db4e7f6e79f04d2e2910649565e6cbda5daa0f,1:2a4a7ee63f347e77a527e6ab49e0a8186b32dc03
DEBUG: ran git fetch --unshallow origin 2a4a7ee63f347e77a527e6ab49e0a8186b32dc03: 96db4e7f6e79f04d2e2910649565e6cbda5daa0f: in 
DEBUG: ran git checkout master in 
DEBUG: ran git reset --hard 96db4e7f6e79f04d2e2910649565e6cbda5daa0f in 
DEBUG: ran clean --force -d . in 
DEBUG: ran git merge 2a4a7ee63f347e77a527e6ab49e0a8186b32dc03 in 
Merged SHA 2a4a7ee63f347e77a527e6ab49e0a8186b32dc03 with commit message 'My first PR commit' into base branch master

Showing logs for build [32mcb-kubecd-bdd-gh-1568901731-pr-1[0m stage [32mfrom-build-pack[0m and container [32mstep-build-make-linux[0m
CGO_ENABLED=0 GOOS=linux GOARCH=amd64 GO15VENDOREXPERIMENT=1 go build -ldflags '' -o bin/bdd-gh-1568901731 main.go

Showing logs for build [32mcb-kubecd-bdd-gh-1568901731-pr-1[0m stage [32mfrom-build-pack[0m and container [32mstep-build-container-build[0m
[36mINFO[0m[0000] No base image, nothing to extract            
[36mINFO[0m[0000] cmd: EXPOSE                                  
[36mINFO[0m[0000] Adding exposed port: 8080/tcp                
[36mINFO[0m[0000] Using files from context: [/workspace/source/bin] 
[36mINFO[0m[0000] Skipping unpacking as no commands require it. 
[36mINFO[0m[0000] Taking snapshot of full filesystem...        
[36mINFO[0m[0000] EXPOSE 8080                                  
[36mINFO[0m[0000] cmd: EXPOSE                                  
[36mINFO[0m[0000] Adding exposed port: 8080/tcp                
[36mINFO[0m[0000] No files changed in this command, skipping snapshotting. 
[36mINFO[0m[0000] ENTRYPOINT ["/bdd-gh-1568901731"]            
[36mINFO[0m[0000] No files changed in this command, skipping snapshotting. 
[36mINFO[0m[0000] Using files from context: [/workspace/source/bin] 
[36mINFO[0m[0000] COPY ./bin/ /                                
[36mINFO[0m[0000] Taking snapshot of files...                  
2019/09/19 14:09:20 pushed blob: sha256:669d8c574c4df1fb6e60d1e9feafb2d1986e5c32c18adc7fb696c5d20a1ee165
2019/09/19 14:09:21 pushed blob: sha256:c8d9c4799149b7d35a13739e2b5b1a84003dd353c8dd2f57b7cfab4f050be0ab
2019/09/19 14:09:23 gcr.io/jenkins-x-bdd3/bdd-gh-1568901731:0.0.0-SNAPSHOT-PR-1-1: digest: sha256:685e1d39c1eff1eaf0a9fd637dd3ca4034f82dd47db8efd9f83929a1fff32ae4 size: 428

Showing logs for build [32mcb-kubecd-bdd-gh-1568901731-pr-1[0m stage [32mfrom-build-pack[0m and container [32mstep-postbuild-post-build[0m
no CVE provider running in the current ** namespace so skip adding image to be analysed

Showing logs for build [32mcb-kubecd-bdd-gh-1568901731-pr-1[0m stage [32mfrom-build-pack[0m and container [32mstep-promote-make-preview[0m
sed -i -e "s/version:.*/version: 0.0.0-SNAPSHOT-PR-1-1/" Chart.yaml
sed -i -e "s/version:.*/version: 0.0.0-SNAPSHOT-PR-1-1/" ../*/Chart.yaml
sed -i -e "s|repository:.*|repository: gcr.io\/jenkins-x-bdd3\/bdd-gh-1568901731|" values.yaml
sed -i -e "s/tag:.*/tag: 0.0.0-SNAPSHOT-PR-1-1/" values.yaml
echo "  version: 0.0.0-SNAPSHOT-PR-1-1" >> requirements.yaml
** step helm build
WARNING: No $CHART_REPOSITORY defined so using the default value of: http://jenkins-x-chartmuseum:8080
Adding missing Helm repo: storage.googleapis.com https://storage.googleapis.com/chartmuseum.jenkins-x.io
Read credentials for https://storage.googleapis.com/chartmuseum.jenkins-x.io from vault helm/repos
Successfully added Helm repository storage.googleapis.com.
Adding missing Helm repo: jenkins-x-chartmuseum http://jenkins-x-chartmuseum:8080
Read credentials for http://jenkins-x-chartmuseum:8080 from vault helm/repos
Successfully added Helm repository jenkins-x-chartmuseum.
WARNING: No $CHART_REPOSITORY defined so using the default value of: http://jenkins-x-chartmuseum:8080
Adding missing Helm repo: chartmuseum.jenkins-x.io http://chartmuseum.jenkins-x.io
Read credentials for http://chartmuseum.jenkins-x.io from vault helm/repos
Successfully added Helm repository chartmuseum.jenkins-x.io.

Showing logs for build [32mcb-kubecd-bdd-gh-1568901731-pr-1[0m stage [32mfrom-build-pack[0m and container [32mstep-promote-jx-preview[0m
Creating a preview
WARNING: No author for commit: 2a4a7ee63f347e77a527e6ab49e0a8186b32dc03
Created environment cb-kubecd-bdd-gh-1568901731-pr-1
Namespace **-cb-kubecd-bdd-gh-1568901731-pr-1 created 
expose:
  Annotations:
    helm.sh/hook: post-install,post-upgrade
    helm.sh/hook-delete-policy: hook-succeeded
  config:
    domain: 35.240.109.206.nip.io
    exposer: Ingress
    http: "true"
preview:
  image:
    repository: gcr.io/jenkins-x-bdd3/bdd-gh-1568901731
    tag: 0.0.0-SNAPSHOT-PR-1-1
Deleting and cloning the Jenkins X versions repo
Cloning the Jenkins X versions repo https://github.com/cloudbees/cloudbees-jenkins-x-versions.git with revision c79864cef15f9e61fc9d374257d0b8803228958c to /builder/home/.**/jenkins-x-versions
From https://github.com/cloudbees/cloudbees-jenkins-x-versions
 * branch            c79864cef15f9e61fc9d374257d0b8803228958c -> FETCH_HEAD


Updating PipelineActivities cb-kubecd-bdd-gh-1568901731-pr-1-1 which has status Running
Preview application is now available at: http://bdd-gh-1568901731.**-cb-kubecd-bdd-gh-1568901731-pr-1.35.240.109.206.nip.io
